[   0.000000] inuxveion 4.15.0-43-geric (buildd@lgw01-amd6-0) (gccvesion7.3.0 (Uuntu 7.3.0-16ubuntu3)) #46-Ubuntu SMP Thu Dec 6 14:45:28 UTC 2018 (Ubuntu 4.15.0-43.46-generic 4.15.18)
[    0.000000] Command line: BOOT_IMAGE=/boot/vmlinuz-4.15.0-43-generic root=LABEL=cloudimg-rootfs ro console=tty1 console=ttyS0
[    0.000000] KERNEL supported cpus:
[    0.000000]   Intel GenuineIntel
[    0.000000]   AMD AuthenticAMD
[    0.000000]   Centaur CentaurHauls
[    0.000000] x86/fpu: Supporting XSAVE feature 0x001: 'x87 floating point registers'
[    0.000000] x86/fpu: Supporting XSAVE feature 0x002: 'SSE registers'
[    0.000000] x86/fpu: Supporting XSAVE feature 0x004: 'AVX registers'
[    0.000000] x886/fpu: xstate_offset[2]:  576, xstate_sizes[2]:  256
[    0.000000] x86/fpu: Enabled xstate features 0x7, context size is 832 bytes, sing 'standard' format.
[    0.000000] e820: BIOS-provided physical RAM map:
[    0.000000] BIOS-e820: [mem 0x0000000000000000-0x000000000009fbff] usable
[    0.000000] BIOS-e820: [mem 0x000000000009fc00-0x000000000009ffff] reserved
[    0.000000] BIOS-e820: [mem 0x00000000000f0000-0x00000000000fffff] reserved
[    0.000000] BIOS-e820: [mem 0x0000000000100000-0x000000003ffeffff] usable
[    0.000000] BIOS-e820: [mem 0x000000003fff0000-0x000000003fffffff] ACPI data
[    0.000000] BIOS-e820: [mem 0x00000000fec00000-0x00000000fec00fff] reserved
[    0.000000] BIOS-e820: [mem 0x00000000fee00000-0x00000000fee00fff] reserved
[    0.000000] BIOS-e820: [mem 0x00000000fffc0000-0x00000000ffffffff] reserved
[    0.000000] NX (Execute Disable) protection: active
[    0.000000] SMBIOS 2.5 present.
[    0.000000] DMI: innotek GmbH VirtualBox/VirtualBox, BIOS VirtualBox 12/01/2006
[    0.000000] Hypervisor detected: KVM
[    0.000000] e820: last_pfn = 0x3fff0 max_arch_pfn = 0x400000000
[    0.000000] MTRR: Disabled
[    0.000000] x86/PAT: MTRRs disabled, skipping PAT initialization too.
[    0.000000] CPU MTRRs all blank - virtualized system.
[    0.000000] x86/PAT: Configuration [0-7]: WB  WT  UC- UC  WB  WT  UC U  
[    0.00000] ound SMP MP-abe at [em0x09fff00x0009ff] ppd at [      (ptrval)]
[   0.000000 Snning 1 areas fr ow memrycorrptn
[    00000] RAMDSK [mem x39cb000-0x36cdcfff]
[    0.000000] ACP: arly tablehecksum verification disabled
[    0.000000] ACPI: RSDP 0x00000000000E0000 000024 (v02 VBOX  )
[    0.000000] ACPI: XSDT 0x000000003FFF0030 00003C (v01 VBOX   VBOXXSDT 00000001 ASL  00000061)
[    0.000000] ACPI: FACP 0x000000003FFF00F0 0000F4 (v04 VBOX   VBOXFACP 00000001 ASL  00000061)
[    0.000000] ACPI: DSDT 0x000000003FFF0470 0021FF (v02 VBOX   VBOXBIOS 00000002 INTL 20100528)
[    0.000000] ACPI: FACS 0x000000003FFF0200 000040
[    0.0000000] ACPI: FACS 0x000000003FFF0200 000040
[    0.000000] ACPI: APIC 0x000000003FFF0240 00005C (v02 VBOX   VBOXAPIC 00000001 ASL  00000061)
[    0.000000] ACPI: SSDT 0x000000003FFF02A0 0001CC (v01 VBOX   VBOXCPUT 00000002 INTL 20100528)
[    0.000000] No NUMA configuration found
[    0.000000] Faking a node at [mem 0x0000000000000000-0x000000003ffeffff]
[    0.000000] NODE_DATA(0) allocated [mem 0x3ffc5000-0x3ffeffff]
[    0.000000] kvm-clock: cpu 0, msr 0:3ff44001, primary cpu clock
[    0.000000] kvm-clock: Using msrs 4b564d01 and 4b564d00
[    0.000000] kvm-clock: using sched offset of 397671548 cycles
[    0.000000] clocksource: kvm-clock: mask: 0xffffffffffffffff max_cycles: 0x1cd42e4dffb, max_idle_ns: 881590591483 ns
[   0.000000] one ans:
  0.00000]  DM    [mem 0x0000000000100-0x000000000ffffff
   00000]   DMA32    [mem 0x0000001000000-0x00000003fffff]
   0.00000   Nma   empty
[   0.000000  Device   empty
[    0.000000] Movable zone start for each node
[    0.000000] Early memory node ranges
[    0.000000]   node   0: [mem 0x0000000000001000-0x000000000009efff]
[    0.000000]   node   0: [mem 0x0000000000100000-0x000000003ffeffff]
[    0.000000] Initmem setup node 0 [mem 0x0000000000001000-0x000000003ffeffff]
[    0.000000] Reserved but unavailable: 98 pages
[    0.000000] ACPI: PM-Timer IO Port: 0x4008
[    0.000000] IOAPIC[0]: apic_id 2, version 32, address 0xfec00000, GSI 0-23
[    0.000000] ACPI: INT_SRC_OVR (bus 0 bus_irq 0 global_irq 2 dfl dfl)
[    0.000000] ACPI: INT_SRC_OVR (bus 0 bus_irq 9 global_irq 9 low level)
[    0.000000] Using ACPI (MADT) for SMP configuration information
[    0.000000] smpboot: Allowing 2 CPUs, 0 hotplug CPUs
[    0.000000] PM: Registered nosave memory: [mem 0x00000000-0x00000fff]
[    0.000000] PM: Registered nosave memory: [mem 0x0009f000-0x0009ffff]
[    0.000000] PM: Registered nosave memory: [mem 0x000a0000-0x000effff]
[    0.000000] PM: Registered nosave memory: [mem 0x000f0000-0x000fffff]
[    0.000000] e820: [mem 0x40000000-0xfebfffff] available for PCI devices
[    0.000000] Booting paravirtualized kernel on KVM
[    0.000000] clocksource: refined-jiffies: mask: 0xffffffff max_cycles: 0xffffffff, max_idle_ns: 7645519600211568 ns
[    0.000000] random: get_random_bytes called from start_kernel+0x99/0x4fd with crng_init=0
[    0.000000] setup_percpu: NR_CPUS:8192 nr_cpumask_bits:2 nr_cpu_ids:2 nr_node_is:1
[    000000] percpu: mbdded 46 pages/cpu @      (ptrval) s1152 r892d28672 u04576
[    0.00000] PVqsinockk hash table ntris:56 (orer 0, 4096 bytes)
[   0.0000 Buit zonelits mobli grouping o  Toalages: 257913
[    0.000000] Poicy zone: DMA32
[   0.000000] Kernel command line: BOOT_IMAGE=/boot/vmlinuz-4.15.0-43-generic root=LABEL=cloudimg-rootfs ro console=tty1 console=ttyS0
[    0.000000] Memory: 983056K/1048120K available (12300K kernel code, 2472K rwdata, 4252K rodata, 2408K init, 2416K bss, 65064K reserved, 0K cma-reserved)
[    0.000000] SLUB: HWalign=64, Order=0-3, MinObjects=0, CPUs=2, Nodes=1
[    0.000000] Kernel/User page tables isolation: enabled
[    0.000000] ftrace: allocating 39186 entries in 154 pages
[    0.004000] Hierarchical RCU implementation.
[    0.004000] 	RCU restricting CPUs from NR_CPUS=8192 to nr_cpu_ids=2.
[    0.004000] 	Tasks RCU enabled.
[    0.004000] RCU: Adjusting geometry for rcu_fanout_leaf=16, nr_cpu_ids=2
[    0.004000] NR_IRQS: 524544, nr_irqs: 440, preallocated irqs: 16
[    0.004000] Console: colour VGA+ 80x25
[    0.004000] console [tty1] enabled
[    0.004000] console [ttyS0] enabled
[    0.004000] ACPI: Core revision 20170831
[    0.004000] ACI: 2AC AML table sucesfuly acquire andloed
[    0.004000] APIC: Switch to symmetric I/O mode setup
[    0.004240] x2apic enabled
[    0.008005] Switched APIC routing to physical x2apic.
[    0.012850] ..TIMER: vector=0x30 apic1=0 pin1=2 apic2=-1 pin2=-1
[    0.016004] tsc: Detected 2304.000 MHz processor
[    0.020011] Calibrating delay loop (skipped) preset value.. 4608.00 BogoMIPS (lpj=9216000)
[    0.024005] pid_max: default: 32768 minimum: 301
[    0.028038] Security Framework initialized
[    0.032007] Yama: becoming mindful.
[    0.036037] AppArmor: AppArmor initialized
[    0.041734] Dentry cache hash table entries: 131072 (order: 8, 1048576 bytes)
[    0.044064] Inode-cache hash table entries: 65536 (order: 7, 524288 bytes)
[    0.048028] Mount-cache hash table entries: 2048 (order: 2, 16384 bytes)
[    0.049942] Mountpoint-cache hash table entries: 2048 (order: 2, 16384 bytes)
[    0.052202] mce: CPU supports 0 MCE banks
[    0.053269] Last level iTLB entries: 4KB 64, 2MB 8, 4MB 8
[    0.054750] Last level dTLB entries: 4KB 64, 2MB 0, 4MB 0, 1GB 4
[    0.056004] Spectre V2 : Mitigation: Full generic retpoline
[    0.057521] Spectre V2 : Spectre v2 / SpectreRSB mitigation: Filling RSB on context switch
[    0.060003] Speculative Store Bypass: Vulnerable
[    0.061399] Freeing SMP alternatives memory: 36K
[    0.072000] smpboot: CPU0: Intel(R) Core(TM) i5-8259U CPU @ 2.30GHz (family: 0x6, model: 0x8e, stepping: 0xa)
[    0.072080] Performance Events: unsupported p6 CPU model 142 no PMU driver, software events only.
[    0.076052] Hierarchical SRCU implementation.
[    0.080492] NMI watchdog: Perf event create on CPU 0 failed with -2
[    0.084003] NMI watchdog: Perf NMI watchdog permanently disabled
[    0.088055] smp: Bringing up secondary CPUs ...
[    0.092081] x86: Booting SMP configuration:
[    0.096004] .... node  #0, CPUs:      #1
[    0.004000] kvm-clock: cpu 1, msr 0:3ff44041, secondary cpu clock
[    0.004000] mce: CPU supports 0 MCE banks
[    0.252022] smp: Brought up 1 node, 2 CPUs
[    0.256010] smpboot: Max logical packages: 1
[    0.260007] smpboot: Total of 2 processors activated (9216.00 BogoMIPS)
[    0.264142] devtmpfs: initialized
[    0.265122] x86/mm: Memory block size: 128MB
[    0.266385] evm: security.selinux
[    0.267341] evm: security.SMACK64
[    0.268005] evm: security.SMACK64EXEC
[    0.269103] evm: security.SMACK64TRANSMUTE
[    0.272003] evm: security.SMACK64MMAP
[    0.273238] evm: security.apparmor
[    0.274268] evm: security.ima
[    0.275189] evm: security.capability
[    0.276078] clocksource: jiffies: mask: 0xffffffff max_cycles: 0xffffffff, max_idle_ns: 7645041785100000 ns
[    0.278431] futex hash table entries: 512 (order: 3, 32768 bytes)
[    0.280079] pinctrl core: initialized pinctrl subsystem
[    0.285878] RTC time:  9:45:33, date: 01/17/19
[    0.288168] NET: Registered protocol family 16
[    0.289647] audit: initializing netlink subsys (disabled)
[    0.292034] audit: type=2000 audit(1547718334.218:1): state=initialized audit_enabled=0 res=1
[    0.294277] cpuidle: using governor ladder
[    0.296012] cpuidle: using governor menu
[    0.297173] ACPI: bus type PCI registered
[    0.298338] acpiphp: ACPI Hot Plug PCI Controller Driver version: 0.5
[    0.300120] PCI: Using configuration type 1 for base access
[    0.305103] HugeTLB registered 2.00 MiB page size, pre-allocated 0 pages
[    0.305663] ACPI: Added _OSI(Module Device)
[    0.308007] ACPI: Added _OSI(Processor Device)
[    0.309116] ACPI: Added _OSI(3.0 _SCP Extensions)
[    0.310248] ACPI: Added _OSI(Processor Aggregator Device)
[    0.311531] ACPI: Added _OSI(Linux-Dell-Video)
[    0.312002] ACPI: Added _OSI(Linux-Lenovo-NV-HDMI-Audio)
[    0.313684] ACPI: Executed 1 blocks of module-level executable AML code
[    0.320065] ACPI: Interpreter enabled
[    0.321277] ACPI: (supports S0 S5)
[    0.324004] ACPI: Using IOAPIC for interrupt routing
[    0.328218] PCI: Using host bridge windows from ACPI; if necessary, use "pci=nocrs" and report a bug
[    0.332241] ACPI: Enabled 2 GPEs in block 00 to 07
[    0.342560] ACPI: PCI Root Bridge [PCI0] (domain 0000 [bus 00-ff])
[    0.344010] acpi PNP0A03:00: _OSC: OS supports [ASPM ClockPM Segments MSI]
[    0.348034] acpi PNP0A03:00: _OSC: not requesting OS control; OS requires [ExtendedConfig ASPM ClockPM MSI]
[    0.352017] acpi PNP0A03:00: fail to add MMCONFIG information, can't access extended PCI configuration space under this bridge.
[    0.356509] PCI host bridge to bus 0000:00
[    0.360007] pci_bus 0000:00: root bus resource [io  0x0000-0x0cf7 window]
[    0.364024] pci_bus 0000:00: root bus resource [io  0x0d00-0xffff window]
[    0.368008] pci_bus 0000:00: root bus resource [mem 0x000a0000-0x000bffff window]
[    0.372024] pci_bus 0000:00: root bus resource [mem 0x40000000-0xfdffffff window]
[    0.376008] pci_bus 0000:00: root bus resource [bus 00-ff]
[    0.383265] pci 0000:00:01.1: legacy IDE quirk: reg 0x10: [io  0x01f0-0x01f7]
[    0.384003] pci 0000:00:01.1: legacy IDE quirk: reg 0x14: [io  0x03f6]
[    0.385611] pci 0000:00:01.1: legacy IDE quirk: reg 0x18: [io  0x0170-0x0177]
[    0.388004] pci 0000:00:01.1: legacy IDE quirk: reg 0x1c: [io  0x0376]
[    0.406889] pci 0000:00:07.0: quirk: [io  0x4000-0x403f] claimed by PIIX4 ACPI
[    0.408023] pci 0000:00:07.0: quirk: [io  0x4100-0x410f] claimed by PIIX4 SMB
[    0.422529] ACPI: PCI Interrupt Link [LNKA] (IRQs 5 9 10 *11)
[    0.424359] ACPI: PCI Interrupt Link [LNKB] (IRQs 5 9 *10 11)
[    0.425925] ACPI: PCI Interrupt Link [LNKC] (IRQs 5 *9 10 11)
[    0.427414] ACPI: PCI Interrupt Link [LNKD] (IRQs 5 9 10 *11)
[    0.428439] SCSI subsystem initialized
[    0.432064] pci 0000:00:02.0: vgaarb: setting as boot VGA device
[    0.436000] pci 0000:00:02.0: vgaarb: VGA device added: decodes=io+mem,owns=io+mem,locks=none
[    0.436010] pci 0000:00:02.0: vgaarb: bridge control possible
[    0.440004] vgaarb: loaded
[    0.448001] ACPI: bus type USB registered
[    0.452029] usbcore: registered new interface driver usbfs
[    0.456057] usbcore: registered new interface driver hub
[    0.460032] usbcore: registered new device driver usb
[    0.464069] EDAC MC: Ver: 3.0.0
[    0.468347] PCI: Using ACPI for IRQ routing
[    0.472415] NetLabel: Initializing
[    0.476009] NetLabel:  domain hash size = 128
[    0.480005] NetLabel:  protocols = UNLABELED CIPSOv4 CALIPSO
[    0.484025] NetLabel:  unlabeled traffic allowed by default
[    0.488198] clocksource: Switched to clocksource kvm-clock
[    0.502527] VFS: Disk quotas dquot_6.6.0
[    0.503965] VFS: Dquot-cache hash table entries: 512 (order 0, 4096 bytes)
[    0.506390] AppArmor: AppArmor Filesystem Enabled
[    0.507743] pnp: PnP ACPI init
[    0.510041] pnp: PnP ACPI: found 3 devices
[    0.523721] clocksource: acpi_pm: mask: 0xffffff max_cycles: 0xffffff, max_idle_ns: 2085701024 ns
[    0.526362] NET: Registered protocol family 2
[    0.529540] TCP established hash table entries: 8192 (order: 4, 65536 bytes)
[    0.531714] TCP bind hash table entries: 8192 (order: 5, 131072 bytes)
[    0.533691] TCP: Hash tables configured (established 8192 bind 8192)
[    0.535373] UDP hash table entries: 512 (order: 2, 16384 bytes)
[    0.537074] UDP-Lite hash table entries: 512 (order: 2, 16384 bytes)
[    0.538604] NET: Registered protocol family 1
[    0.539672] pci 0000:00:00.0: Limiting direct PCI/PCI transfers
[    0.541126] pci 0000:00:01.0: Activating ISA DMA hang workarounds
[    0.542630] pci 0000:00:02.0: Video device with shadowed ROM at [mem 0x000c0000-0x000dffff]
[    0.544789] Unpacking initramfs...
[    0.816586] Freeing initrd memory: 19528K
[    0.889364] platform rtc_cmos: registered platform RTC device (no PNP device found)
[    1.032342] Scanning for low memory corruption every 60 seconds
[    1.154659] Initialise system trusted keyrings
[    1.220567] Key type blacklist registered
[    1.280832] workingset: timestamp_bits=36 max_order=18 bucket_order=0
[    1.369151] zbud: loaded
[    1.405923] squashfs: version 4.0 (2009/01/31) Phillip Lougher
[    1.486225] fuse init (API version 7.26)
[    1.557988] Key type asymmetric registered
[    1.588661] Asymmetric key parser 'x509' registered
[    1.605124] Block layer SCSI generic (bsg) driver version 0.4 loaded (major 246)
[    1.607407] io scheduler noop registered
[    1.608642] io scheduler deadline registered
[    1.609997] io scheduler cfq registered (default)
[    1.611935] ACPI: AC Adapter [AC] (on-line)
[    1.613220] input: Power Button as /devices/LNXSYSTM:00/LNXPWRBN:00/input/input0
[    1.615530] ACPI: Power Button [PWRF]
[    1.616893] input: Sleep Button as /devices/LNXSYSTM:00/LNXSLPBN:00/input/input1
[    1.623242] ACPI: Sleep Button [SLPF]
[    1.626712] ACPI: Battery Slot [BAT0] (battery present)
[    1.628398] Serial: 8250/16550 driver, 32 ports, IRQ sharing enabled
[    1.6522] :0 tS0t O 3f(i =, seau= 52)  a650A
[    2.39468ts Refined C ocoue calibration: 2304.380 MHz

[    2.703930] clocksource: tsc: mask: 0xffffffffffffffff max_cycles: 0x21375ecad5e, max_idle_ns: 440795259734 ns
[    2.705617] Linux agpgart interface v0.103
[    2.710703] loop: module loaded
[    2.712542] scsi host0: ata_piix
[    2.713846] scsi host1: ata_piix
[    2.715072] ata1: PATA max UDMA/33 cmd 0x1f0 ctl 0x3f6 bmdma 0xd000 irq 14
[    2.717225] ata2: PATA max UDMA/33 cmd 0x170 ctl 0x376 bmdma 0xd008 irq 15
[    2.719462] libphy: Fixed MDIO Bus: probed
[    2.720917] tun: Universal TUN/TAP device driver, 1.6
[    2.722375] PPP generic driver version 2.4.2
[    2.723782] ehci_hcd: USB 2.0 'Enhanced' Host Controller (EHCI) Driver
[    2.725659] ehci-pci: EHCI PCI platform driver
[    2.727048] ehci-platform: EHCI generic platform driver
[    2.729787] ohci_hcd: USB 1.1 'Open' Host Controller (OHCI) Driver
[    2.731682] ohci-pci: OHCI PCI platform driver
[    2.732960] ohci-platform: OHCI generic platform driver
[    2.734443] uhci_hcd: USB Universal Host Controller Interface driver
[    2.735991] i8042: PNP: PS/2 Controller [PNP0303:PS2K,PNP0f03:PS2M] at 0x60,0x64 irq 1,12
[    2.738716] serio: i8042 KBD port at 0x60,0x64 irq 1
[    2.739989] serio: i8042 AUX port at 0x60,0x64 irq 12
[    2.741384] mousedev: PS/2 mouse device common for all mice
[    2.742956] input: AT Translated Set 2 keyboard as /devices/platform/i8042/serio0/input/input2
[    2.745497] rtc_cmos rtc_cmos: rtc core: registered rtc_cmos as rtc0
[    2.748686] rtc_cmos rtc_cmos: alarms up to one day, 114 bytes nvram
[    2.750277] i2c /dev entries driver
[    2.751142] pcie_mp2_amd: AMD(R) PCI-E MP2 Communication Driver Version: 1.0
[    2.752872] device-mapper: uevent: version 1.0.3
[    2.754313] device-mapper: ioctl: 4.37.0-ioctl (2017-09-20) initialised: dm-devel@redhat.com
[    2.756630] ledtrig-cpu: registered to indicate activity on CPUs
[    2.913183] NET: Regsstered protocol family 10
[    3.069692] Segment Routing with IPv6
[    3.148479] NET: Registered protocol family 17
[    3.233402] Key type dns_resolver rggistered
[    3.432773] RAS: Correctable Errors collector initialized.
[    3.465282] sched_clock: Marking stable (3465240040, 0)->(11086756915, -7621516875)
[    3.627516] registered taskstats version 1
[    3.721951] Loading compiled-in X.509 certificates
[    3.748210] Loaded X.509 cert 'Build time autogenerated kernel key: 6afcca3ddc80072aeae87585a7fdb65d40603f58'
[    3.761543] zswap: loaded using pool lzo/zbud
[    3.783911] Key type big_key registered
[    3.785110] Key type trusted registered
[    3.788288] Key type encrypted registered
[    3.789444] AppArmor: AppArmor sha1 policy hashing enabled
[    3.791024] ima: No TPM chip found, activating TPM-bypass! (rc=-19)
[    3.793305] ima: Allocated hash algorithm: sha1
[    3.794778] evm: HMAC attrs: 0x1
[    3.796274]   Magic number: 3:435:778
[    3.799041] rtc_cmos rtc_cmos: setting system clock to 2019-01-17 09:45:39 UTC (1547718339)
[    3.804788] BIOS EDD facility v0.16 2004-Jun-25, 0 devices found
[    3.811948] EDD information not available.
[    3.815693] Freeing unused kernel memory: 2408K
[    3.828623] Write protecting the kernel read-only data: 20480k
[    3.830742] Freeing unused kernel memory: 2008K
[    3.834537] Freeing unused kernel memory: 1892K
[    3.839993] x86/mm: Checked W+X mappings: passed, no W+X pages found.
[    3.841626] x86/mm: Checking user space page tables
[    3.846692] x86/mm: Checked W+X mappings: passed, no W+X pages found.
Loading, please wait...
starting version 237
[    3.975424] e1000: Intel(R) PRO/1000 Network Driver - version 7.3.21-k8-NAPI
[    3.984473] e1000: Copyright (c) 1999-2006 Intel Corporation.
[    3.993609] Fusion MPT base driver 3.04.20
[    3.996357] Copyright (c) 1999-2008 LSI Corporation
[    4.004923] Fusion MPT SPI Host driver 3.04.20
[    4.022969] vboxvideo: loading out-of-tree module taints kernel.
[    4.026057] AVX2 version of gcm_enc/dec engaged.
[    4.027629] AES CTR mode by8 optimization enabled
[    4.027970] vboxvideo: module verification failed: signature and/or required key missing - tainting kernel
[    4.206805] input: ImExPS/2 Generic Explorer Mouse as /devices/platform/i8042/serio1/input/input4
[    4.431804] e1000 0000:00:03.0 eth0: (PCI:33MHz:32-bit) 02:2f:73:ea:27:92
[    4.503331] e1000 0000:00:03.0 eth0: Intel(R) PRO/1000 Network Connection
[    4.617532] mptbase: ioc0: Initiating bringup
[    4.796472] ioc0: LSI53C1030 A0: Capabilities={Initiator}
[    5.118051] scsi host2: ioc0: LSI53C1030 A0, FwRev=00000000h, Ports=1, MaxQ=256, IRQ=20
[    5.294511] scsi 2:0:0:0: Direct-Access     VBOX     HARDDISK         1.0  PQ: 0 ANSI: 5
[    5.994322] [drm] VRAM 01000000
[    5.995539] [TTM] Zone  kernel: Available graphics memory: 504464 kiB
[    5.999062] [TTM] Initializing pool allocator
[    6.000364] [TTM] Initializing DMA pool allocator
[    6.003416] fbcon: vboxdrmfb (fb0) is primary device
[    6.006408] Console: switching to colour frame buffer device 100x37
[    6.009386] vboxvideo 0000:00:02.0: fb0: vboxdrmfb frame buffer device
[    6.020506] [drm] Initialized vboxvideo 1.0.0 20130823 for 0000:00:02.0 on minor 0
[    6.028177] scsi target2:0:0: Beginning Domain Validation
[    6.030453] scsi target2:0:0: Domain Validation skipping write tests
[    6.030454] scsi target2:0:0: Ending Domain Validation
[    6.030524] scsi target2:0:0: asynchronous
[    6.031065] scsi 2:0:1:0: Direct-Access     VBOX     HARDDISK         1.0  PQ: 0 ANSI: 5
[    6.233414] scsi target2:0:1: Beginning Domain Validation
[    6.235423] random: fast init done
[    6.237170] scsi target2:0:1: Domain Validation skipping write tests
[    6.238595] scsi target2:0:1: Ending Domain Validation
[    6.239967] scsi target2:0:1: asynchronous
[    6.247622] random: systemd-udevd: uninitialized urandom read (16 bytes read)
[    6.253359] sd 2:0:0:0: Attached scsi generic sg0 type 0
[    6.255079] random: systemd-udevd: uninitialized urandom read (16 bytes read)
[    6.267242] sd 2:0:1:0: Attached scsi generic sg1 type 0
[    6.269149] sd 2:0:1:0: [sdb] 20480 512-byte logical blocks: (10.5 MB/10.0 MiB)
[    6.271375] random: systemd-udevd: uninitialized urandom read (16 bytes read)
[    6.278611] sd 2:0:1:0: [sdb] Write Protect is off
[    6.280127] sd 2:0:1:0: [sdb] Incomplete mode parameter data
[    6.281893] sd 2:0:1:0: [sdb] Assuming drive cache: write through
[    6.284408] sd 2:0:0:0: [sda] 20971520 512-byte logical blocks: (10.7 GB/10.0 GiB)
[    6.287834] sd 2:0:1:0: [sdb] Attached SCSI disk
[    6.404185] sd 2:0:0:0: [sda] Write Protect is off
[    6.437099] sd 2:0:0:0: [sda] Incomplete mode parameter data
[    6.481378] sd 2:0:0:0: [sda] Assuming drive cache: write through
[    6.560905]  sda: sda1
[    6.568748] sd 2:0:0:0: [sda] Attached SCSI disk
[    6.715394] e1000 0000:00:08.0 eth1: (PCI:33MHz:32-bit) 08:00:27:af:f0:b5
[    6.717637] e1000 0000:00:08.0 eth1: Intel(R) PRO/1000 Network Connection
[    6.720688] e1000 0000:00:08.0 enp0s8: renamed from eth1
[    6.754180] e1000 0000:00:03.0 enp0s3: renamed from eth0
Begin: Loading essential drivers ... [    6.912203] raid6: sse2x1   gen() 11938 MB/s
[    6.972293] raid6: sse2x1   xor()  8631 MB/s
[    7.084104] raid6: sse2x2   gen() 13917 MB/s
[    7.132494] raid6: sse2x2   xor()  9700 MB/s
[    7.260252] raid6: sse2x4   gen() 16968 MB/s
[    7.396241] raid6: sse2x4   xor() 10782 MB/s
[    7.524205] raid6: avx2x1   gen() 24123 MB/s
[    7.648182] raid6: avx2x1   xor() 17032 MB/s
[    7.736361] raid6: avx2x2   gen() 30055 MB/s
[    7.848221] raid6: avx2x2   xor() 17851 MB/s
[    7.944236] raid6: avx2x4   gen() 33999 MB/s
[    8.036322] raid6: avx2x4   xor() 21530 MB/s
[    8.101992] raid6: using algorithm avx2x4 gen() 33999 MB/s
[    8.149567] raid6: .... xor() 21530 MB/s, rmw enabled
[    8.151400] raid6: using avx2x2 recovery algorithm
[    8.154486] xor: automatically using best checksumming function   avx       
[    8.158551] async_tx: api initialized (async)
done.
Begin: Running /scripts/init-premount ... done.
Begin: Mounting root file system ... Begin: Running /scripts/local-top ... done.
Begin: Running /scripts/local-premount ... [    8.208300] Btrfs loaded, crc32c=crc32c-intel
Scanning for Btrfs filesystems
done.
Warning: fsck not present, so skipping root file system
[    8.237881] EXT4-fs (sda1): mounted filesystem with ordered data mode. Opts: (null)
done.
Begin: Running /scripts/local-bottom ... done.
Begin: Running /scripts/init-bottom ... done.
[    8.409309] ip_tables: (C) 2000-2006 Netfilter Core Team
[    8.418628] systemd[1]: systemd 237 running in system mode. (+PAM +AUDIT +SELINUX +IMA +APPARMOR +SMACK +SYSVINIT +UTMP +LIBCRYPTSETUP +GCRYPT +GNUTLS +ACL +XZ +LZ4 +SECCOMP +BLKID +ELFUTILS +KMOD -IDN2 +IDN -PCRE2 default-hierarchy=hybrid)
[    8.423915] systemd[1]: Detected virtualization oracle.
[    8.425308] systemd[1]: Detected architecture x86-64.

Welcome to [1mUbuntu 18.04.1 LTS[0m!

[    8.466404] systemd[1]: Set hostname to <ubuntu-bionic>.
[    8.765925] systemd[1]: Reached target Swap.
[[0;32m  OK  [0m] Reached target Swap.
[    8.768887] systemd[1]: Set up automount Arbitrary Executable File Formats File System Automount Point.
[[0;32m  OK  [0m] Set up automount Arbitrary Executab…rmats File System Automount Point.
[    8.776307] systemd[1]: Created slice System Slice.
[[0;32m  OK  [0m] Created slice System Slice.
[    8.779552] systemd[1]: Created slice system-serial\x2dgetty.slice.
[[0;32m  OK  [0m] Created slice system-serial\x2dgetty.slice.
[    8.808622] systemd[1]: Listening on Device-mapper event daemon FIFOs.
[[0;32m  OK  [0m] Listening on Device-mapper event daemon FIFOs.
[    8.997419] systemd[1]: Listening on udev Control Socket.
[[0;32m  OK  [0m] Listening on udev Control Socket.
[[0;32m  OK  [0m] Listening on LVM2 poll daemon socket.
[[0;32m  OK  [0m] Listening on Journal Audit Socket.
[[0;32m  OK  [0m] Listening on udev Kernel Socket.
[[0;32m  OK  [0m] Reached target User and Group Name Lookups.
[[0;32m  OK  [0m] Reached target System Time Synchronized.
[[0;32m  OK  [0m] Created slice User and Session Slice.
[[0;32m  OK  [0m] Reached target Slices.
[[0;32m  OK  [0m] Listening on Network Service Netlink Socket.
[[0;32m  OK  [0m] Listening on /dev/initctl Compatibility Named Pipe.
[[0;32m  OK  [0m] Listening on Syslog Socket.
[[0;32m  OK  [0m] Started Forward Password Requests to Wall Directory Watch.
[[0;32m  OK  [0m] Listening on LVM2 metadata daemon socket.
[[0;32m  OK  [0m] Listening on Journal Socket (/dev/log).
[[0;32m  OK  [0m] Listening on Journal Socket.
         Starting Create list of required st…ce nodes for the current kernel...
         Mounting Kernel Debug File System...
         Starting Uncomplicated firewall...
         Starting Load Kernel Modules...
         Starting Monitoring of LVM2 mirrors…ng dmeventd or progress polling...
         Starting Journal Service...
         Starting udev Coldplug all Devices...
[    9.318288] Loading iSCSI transport class v2.0-870.
         Mounting Huge Pages File System...
         Starting Set the console keyboard layout...
         Starting Remount Root and Kernel File Systems...
         Mounting POSIX Message Queue File System...
[[0;32m  OK  [0m] Started Create list of required sta…vice nodes for the current kernel.
[[0;32m  OK  [0m] Mounted Kernel Debug File System.
[[0;32m  OK  [0m] Started Uncomplicated firewall.
[[0;32m  OK  [0m] Mounted Huge Pages File System.
[[0;32m  OK  [0m] Mounted POSIX Message Queue File System.
[[0;32m  OK  [0m] Started LVM2 metadata daemon.
         Starting Create Static Device Nodes in /dev...
[   10.443463] iscsi: registered transport (tcp)
[[0;32m  OK  [0m] Started Journal Service.
[[0;32m  OK  [0m] Started udev Coldplug all Devices.
[   11.437832] EXT4-fs (sda1): re-mounted. Opts: (null)
[[0;32m  OK  [0m] Started Create Static Device Nodes in /dev.
[[0;32m  OK  [0m] Started Remount Root and Kernel File Systems.
         Starting Load/Save Random Seed...
         Starting Flush Journal to Persistent Storage...
[   11.477496] iscsi: registered transport (iser)
         Starting Initial cloud-init job (pre-networking)...
         Starting udev Kernel Device Manager...
[[0;32m  OK  [0m] Started Load Kernel Modules.
[[0;32m  OK  [0m] Started Load/Save Random Seed.
         Starting Apply Kernel Variables...
         Mounting FUSE Control File System...
         Mounting Kernel Configuration File System...
[[0;32m  OK  [0m] Mounted FUSE Control File System.
[[0;32m  OK  [0m] Mounted Kernel Configuration File System.
[[   11.522101] random: crng init done
[   11.523278] random: 7 urandom warning(s) missed due to ratelimiting
[0;32m  OK  [0m] Started Monitoring of LVM2 mirrors,…sing dmeventd or progress polling.
[   11.529587] systemd-journald[382]: Received request to flush runtime journal from PID 1
[[0;32m  OK  [0m] Started udev Kernel Device Manager.
[[0;32m  OK  [0m] Started Set the console keyboard layout.
[[0;32m  OK  [0m] Reached target Local File Systems (Pre).
[[0;32m  OK  [0m] Reached target Local File Systems.
         Starting AppArmor initialization...
         Starting ebtables ruleset management...
         Starting Set console font and keymap...
         Starting Tell Plymouth To Write Out Runtime Data...
[[0;32m  OK  [0m] Started Dispatch Password Requests to Console Directory Watch.
[[0;32m  OK  [0m] Reached target Local Encrypted Volumes.
[[0;32m  OK  [0m] Started Apply Kernel Variables.
[[0;32m  OK  [0m] Started Tell Plymouth To Write Out Runtime Data.
[[0;32m  OK  [0m] Started Set console font and keymap.
[[0;32m  OK  [0m] Found device /dev/ttyS0.
[[0;32m  OK  [0m] Started Flush Journal to Persistent Storage.
[[0;32m  OK  [0m] Started ebtables ruleset management.
[[0;32m  OK  [0m] Listening on Load/Save RF Kill Switch Status /dev/rfkill Watch.
         Starting Create Volatile Files and Directories...
[[0;32m  OK  [0m] Started Create Volatile Files and Directories.
         Starting Update UTMP about System Boot/Shutdown...
[[0;32m  OK  [0m] Started Update UTMP about System Boot/Shutdown.
[[0;32m  OK  [0m] Started AppArmor initialization.
[   13.042743] cloud-init[403]: Cloud-init v. 18.4-0ubuntu1~18.04.1 running 'init-local' at Thu, 17 Jan 2019 09:45:48 +0000. Up 12.84 seconds.
[[0;32m  OK  [0m] Started Initial cloud-init job (pre-networking).
[[0;32m  OK  [0m] Reached target Network (Pre).
         Starting Network Service...
[[0;32m  OK  [0m] Started Network Service.
         Starting Network Name Resolution...
         Starting Wait for Network to be Configured...
[[0;32m  OK  [0m] Started Network Name Resolution.
[[0;32m  OK  [0m] Reached target Network.
[[0;32m  OK  [0m] Reached target Host and Network Name Lookups.
[[0;32m  OK  [0m] Started Wait for Network to be Configured.
         Starting Initial cloud-init job (metadata service crawler)...
[   15.561118] cloud-init[695]: Cloud-init v. 18.4-0ubuntu1~18.04.1 running 'init' at Thu, 17 Jan 2019 09:45:51 +0000. Up 15.43 seconds.
[   15.572822] cloud-init[695]: ci-info: ++++++++++++++++++++++++++++++++++++++Net device info+++++++++++++++++++++++++++++++++++++++
[   15.577710] cloud-init[695]: ci-info: +--------+------+-----------------------------+---------------+--------+-------------------+
[   15.581006] cloud-init[695]: ci-info: | Device |  Up  |           Address           |      Mask     | Scope  |     Hw-Address    |
[   15.584298] cloud-init[695]: ci-info: +--------+------+-----------------------------+---------------+--------+-------------------+
[   15.611237] cloud-init[695]: ci-info: | enp0s3 | True |          10.0.2.15          | 255.255.255.0 | global | 02:2f:73:ea:27:92 |
[   15.618656] cloud-init[695]: ci-info: | enp0s3 | True |  fe80::2f:73ff:feea:2792/64 |       .       |  link  | 02:2f:73:ea:27:92 |
[   15.621256] cloud-init[695]: ci-info: | enp0s8 | True |        192.168.33.10        | 255.255.255.0 | global | 08:00:27:af:f0:b5 |
[   15.623777] cloud-init[695]: ci-info: | enp0s8 | True | fe80::a00:27ff:feaf:f0b5/64 |       .       |  link  | 08:00:27:af:f0:b5 |
[   15.627695] cloud-init[695]: ci-info: |   lo   | True |          127.0.0.1          |   255.0.0.0   |  host  |         .         |
[   15.630205] cloud-init[695]: ci-info: |   lo   | True |           ::1/128           |       .       |  host  |         .         |
[   15.634099] cloud-init[695]: ci-info: +--------+------+-----------------------------+---------------+--------+-------------------+
[   15.653824] cloud-init[695]: ci-info: +++++++++++++++++++++++++++++Route IPv4 info+++++++++++++++++++++++++++++
[   15.657673] cloud-init[695]: ci-info: +-------+--------------+----------+-----------------+-----------+-------+
[   15.660202] cloud-init[695]: ci-info: | Route | Destination  | Gateway  |     Genmask     | Interface | Flags |
[   15.662457] cloud-init[695]: ci-info: +-------+--------------+----------+-----------------+-----------+-------+
[   15.664814] cloud-init[695]: ci-info: |   0   |   0.0.0.0    | 10.0.2.2 |     0.0.0.0     |   enp0s3  |   UG  |
[   15.667074] cloud-init[695]: ci-info: |   1   |   10.0.2.0   | 0.0.0.0  |  255.255.255.0  |   enp0s3  |   U   |
[   15.669329] cloud-init[695]: ci-info: |   2   |   10.0.2.2   | 0.0.0.0  | 255.255.255.255 |   enp0s3  |   UH  |
[   15.671503] cloud-init[695]: ci-info: |   3   | 192.168.33.0 | 0.0.0.0  |  255.255.255.0  |   enp0s8  |   U   |
[   15.673701] cloud-init[695]: ci-info: +-------+--------------+----------+-----------------+-----------+-------+
[   15.677597] cloud-init[695]: ci-info: +++++++++++++++++++Route IPv6 info+++++++++++++++++++
[   15.679503] cloud-init[695]: ci-info: +-------+-------------+---------+-----------+-------+
[   15.681400] cloud-init[695]: ci-info: | Route | Destination | Gateway | Interface | Flags |
[   15.683410] cloud-init[695]: ci-info: +-------+-------------+---------+-----------+-------+
[   15.685280] cloud-init[695]: ci-info: |   1   |  fe80::/64  |    ::   |   enp0s8  |   U   |
[   15.687091] cloud-init[695]: ci-info: |   2   |  fe80::/64  |    ::   |   enp0s3  |   U   |
[   15.691258] cloud-init[695]: ci-info: |   4   |    local    |    ::   |   enp0s3  |   U   |
[   15.693273] cloud-init[695]: ci-info: |   5   |    local    |    ::   |   enp0s8  |   U   |
[   15.695107] cloud-init[695]: ci-info: |   6   |   ff00::/8  |    ::   |   enp0s8  |   U   |
[   15.697186] cloud-init[695]: ci-info: |   7   |   ff00::/8  |    ::   |   enp0s3  |   U   |
[   15.712602] cloud-init[695]: ci-info: +-------+-------------+---------+-----------+-------+
[[0;32m  OK  [0m] Started Initial cloud-init job (metadata service crawler).
[[0;32m  OK  [0m] Reached target System Initialization.
[[0;32m  OK  [0m] Started ACPI Events Check.
[[0;32m  OK  [0m] Listening on ACPID Listen Socket.
[[0;32m  OK  [0m] Listening on Open-iSCSI iscsid Socket.
         Starting Socket activation for snappy daemon.
[[0;32m  OK  [0m] Started Discard unused blocks once a week.
[[0;32m  OK  [0m] Listening on UUID daemon activation socket.
         Starting LXD - unix socket.
[[0;32m  OK  [0m] Reached target Paths.
[[0;32m  OK  [0m] Started Daily apt download activities.
[[0;32m  OK  [0m] Started Daily apt upgrade and clean activities.
[[0;32m  OK  [0m] Started Daily Cleanup of Temporary Directories.
[[0;32m  OK  [0m] Listening on D-Bus System Message Bus Socket.
[[0;32m  OK  [0m] Started Message of the Day.
[[0;32m  OK  [0m] Reached target Timers.
[[0;32m  OK  [0m] Reached target Network is Online.
         Starting Availability of block devices...
[[0;32m  OK  [0m] Reached target Remote File Systems (Pre).
[[0;32m  OK  [0m] Reached target Remote File Systems.
[[0;32m  OK  [0m] Reached target Cloud-config availability.
[[0;32m  OK  [0m] Listening on Socket activation for snappy daemon.
[[0;32m  OK  [0m] Listening on LXD - unix socket.
[[0;32m  OK  [0m] Started Availability of block devices.
[[0;32m  OK  [0m] Reached target Sockets.
[[0;32m  OK  [0m] Reached target Basic System.
[[0;32m  OK  [0m] Started D-Bus System Message Bus.
[[0;32m  OK  [0m] Started FUSE filesystem for LXC.
         Starting LXD - container startup/shutdown...
[[0;32m  OK  [0m] Started Regular background program processing daemon.
         Starting Permit User Sessions...
[[0;32m  OK  [0m] Started Deferred execution scheduler.
         Starting LSB: automatic crash report generation...
         Starting Accounts Service...
         Starting LSB: Record successful boot for GRUB...
         Starting vboxadd.service...
         Starting Snappy daemon...
         Starting Login Service...
[[0;32m  OK  [0m] Started irqbalance daemon.
         Starting Dispatcher daemon for systemd-networkd...
         Starting OpenBSD Secure Shell server...
         Starting System Logging Service...
[[0;32m  OK  [0m] Started Snappy daemon.
[[0;32m  OK  [0m] Started Permit User Sessions.
[[0;32m  OK  [0m] Started Login Service.
[[0;32m  OK  [0m] Started System Logging Service.
         Starting Authorization Manager...
[[0;32m  OK  [0m] Started Unattended Upgrades Shutdown.
         Starting Terminate Plymouth Boot Screen...
         Starting Hold until boot process finishes up...
         Starting Wait until snapd is fully seeded...
[[0;32m  OK  [0m] Started OpenBSD Secure Shell server.
[[0;32m  OK  [0m] Started Terminate Plymouth Boot Screen.
[[0;32m  OK  [0m] Started Hold until boot process finishes up.
[[0;32m  OK  [0m] Started Serial Getty on ttyS0.
         Starting Set console scheme...
[[0;32m  OK  [0m] Started LXD - container startup/shutdown.
[[0;32m  OK  [0m] Started Wait until snapd is fully seeded.
[[0;32m  OK  [0m] Started LSB: Record successful boot for GRUB.
[[0;32m  OK  [0m] Started Set console scheme.
[[0;32m  OK  [0m] Started Authorization Manager.
[[0;32m  OK  [0m] Started LSB: automatic crash report generation.
[[0;32m  OK  [0m] Started Accounts Service.
[[0;32m  OK  [0m] Created slice system-getty.slice.
[[0;32m  OK  [0m] Started Getty on tty1.
[[0;32m  OK  [0m] Reached target Login Prompts.
         Starting Apply the settings specified in cloud-config...
[[0;32m  OK  [0m] Started vboxadd.service.
[[0;32m  OK  [0m] Started Dispatcher daemon for systemd-networkd.
         Starting vboxadd-service.service...
[[0;32m  OK  [0m] Started vboxadd-service.service.
[[0;32m  OK  [0m] Reached target Multi-User System.
[[0;32m  OK  [0m] Reached target Graphical Interface.
         Starting Update UTMP about System Runlevel Changes...
[[0;32m  OK  [0m] Started Update UTMP about System Runlevel Changes.
[   17.113822] cloud-init[1150]: Cloud-init v. 18.4-0ubuntu1~18.04.1 running 'modules:config' at Thu, 17 Jan 2019 09:45:52 +0000. Up 17.02 seconds.
[[0;32m  OK  [0m] Started Apply the settings specified in cloud-config.
         Starting Execute cloud user/final scripts...
[   17.542649] cloud-init[1268]: Cloud-init v. 18.4-0ubuntu1~18.04.1 running 'modules:final' at Thu, 17 Jan 2019 09:45:53 +0000. Up 17.46 seconds.
[[0;32m  OK  [0m] Started Execute cloud user/final scripts.
[   17.617629] [[0;32m  OK  [0m] Reached target Cloud-init target.
cloud-init[1268]: Cloud-init v. 18.4-0ubuntu1~18.04.1 finished at Thu, 17 Jan 2019 09:45:53 +0000. Datasource DataSourceNoCloud [seed=/dev/sdb][dsmode=net].  Up 17.53 seconds

Ubuntu 18.04.1 LTS ubuntu-bionic ttyS0

ubuntu-bionic login: [[0;32m  OK  [0m] ClosedS         Stopping LSB: automatic crash report generation...
         Stopping vboxadd-service.service...
         Stopping LXD - container startup/shutdown...
         Stopping System Logging Service...
[[0;32m  OK  [0m] Stopped Apply the settings specified in cloud-config.
[[0;32m  OK  [0m] Stopped target Cloud-config availability.
[[0;32m  OK  [0m] Stopped target Network is Online.
[[0;32m  OK  [0m] Stopped Wait until snapd is fully seeded.
         Stopping Snappy daemon...
[[0;32m  OK  [0m] Unmounted /var/lib/lxcfs.
[[0;32m  OK  [0m] Stopped Regular background program processing daemon.
[[0;32m  OK  [0m] Stopped Deferred execution scheduler.
[[0;32m  OK  [0m] Stopped Accounts Service.
[[0;32m  OK  [0m] Stopped Snappy daemon.
[[0;32m  OK  [0m] Stopped irqbalance daemon.
[[0;32m  OK  [0m] Stopped Dispatcher daemon for systemd-networkd.
[[0;32m  OK  [0m] Stopped System Logging Service.
[[0;32m  OK  [0m] Stopped OpenBSD Secure Shell server.
[[0;32m  OK  [0m] Stopped Authorization Manager.
[[0;32m  OK  [0m] Stopped Unattended Upgrades Shutdown.
[[0;32m  OK  [0m] Stopped Serial Getty on ttyS0.
[[0;32m  OK  [0m] Stopped Getty on tty1.
[[0;32m  OK  [0m] Stopped User Manager for UID 1000.
[[0;32m  OK  [0m] Stopped Availability of block devices.
[[0;32m  OK  [0m] Stopped D-Bus System Message Bus.
[[0;32m  OK  [0m] Stopped vboxadd-service.service.
[[0;32m  OK  [0m] Stopped FUSE filesystem for LXC.
[[0;32m  OK  [0m] Stopped Session 11 of user vagrant.
         Stopping vboxadd.service...
[[0;32m  OK  [0m] Removed slice User Slice of vagrant.
[[0;32m  OK  [0m] Removed slice system-getty.slice.
         Stopping Permit User Sessions...
[[0;32m  OK  [0m] Removed slice system-serial\x2dgetty.slice.
         Stopping Login Service...
[[0;32m  OK  [0m] Unmounted /vagrant.
[[0;32m  OK  [0m] Stopped LSB: Record successful boot for GRUB.
[[0;32m  OK  [0m] Stopped LSB: automatic crash report generation.
[[0;32m  OK  [0m] Stopped Login Service.
[[0;32m  OK  [0m] Stopped LXD - container startup/shutdown.
[[0;32m  OK  [0m] Stopped vboxadd.service.
[[0;32m  OK  [0m] Stopped Permit User Sessions.
[[0;32m  OK  [0m] Stopped target Network.
         Stopping Network Name Resolution...
[[0;32m  OK  [0m] Stopped target User and Group Name Lookups.
[[0;32m  OK  [0m] Stopped target Remote File Systems.
[[0;32m  OK  [0m] Stopped target Remote File Systems (Pre).
[[0;32m  OK  [0m] Stopped target Basic System.
[[0;32m  OK  [0m] Stopped target Slices.
[[0;32m  OK  [0m] Removed slice User and Session Slice.
[[0;32m  OK  [0m] Stopped target Sockets.
[[0;32m  OK  [0m] Closed Socket activation for snappy daemon.
[[0;32m  OK  [0m] Closed D-Bus System Message Bus Socket.
[[0;32m  OK  [0m] Closed LXD - unix socket.
[[0;32m  OK  [0m] Closed Syslog Socket.
[[0;32m  OK  [0m] Closed UUID daemon activation socket.
[[0;32m  OK  [0m] Closed Open-iSCSI iscsid Socket.
[[0;32m  OK  [0m] Closed ACPID Listen Socket.
[[0;32m  OK  [0m] Stopped target Paths.
[[0;32m  OK  [0m] Stopped ACPI Events Check.
[[0;32m  OK  [0m] Stopped target System Initialization.
         Stopping Load/Save Random Seed...
[[0;32m  OK  [0m] Stopped Initial cloud-init job (metadata service crawler).
[[0;32m  OK  [0m] Stopped target Local Encrypted Volumes.
[[0;32m  OK  [0m] Stopped Dispatch Password Requests to Console Directory Watch.
[[0;32m  OK  [0m] Stopped Forward Password Requests to Wall Directory Watch.
         Stopping Update UTMP about System Boot/Shutdown...
[[0;32m  OK  [0m] Stopped Network Name Resolution.
[[0;32m  OK  [0m] Stopped Load/Save Random Seed.
         Stopping Network Service...
[[0;32m  OK  [0m] Stopped Update UTMP about System Boot/Shutdown.
[[0;32m  OK  [0m] Stopped Create Volatile Files and Directories.
[[0;32m  OK  [0m] Stopped target Local File Systems.
         Unmounting /run/user/1000...
[[0;32m  OK  [0m] Stopped Network Service.
[[0;32m  OK  [0m] Unmounted /run/user/1000.
[[0;32m  OK  [0m] Reached target Unmount All Filesystems.
[[0;32m  OK  [0m] Stopped target Swap.
[[0;32m  OK  [0m] Stopped target Local File Systems (Pre).
[[0;32m  OK  [0m] Stopped Create Static Device Nodes in /dev.
         Stopping Monitoring of LVM2 mirrors…ng dmeventd or progress polling...
[[0;32m  OK  [0m] Stopped target Network (Pre).
[[0;32m  OK  [0m] Stopped Initial cloud-init job (pre-networking).
[[0;32m  OK  [0m] Stopped Remount Root and Kernel File Systems.
[[0;32m  OK  [0m] Stopped Apply Kernel Variables.
[[0;32m  OK  [0m] Stopped Load Kernel Modules.
[[0;32m  OK  [0m] Reached target Shutdown.
[[0;32m  OK  [0m] Reached target Final Step.
         Starting Power-Off...
[[0;32m  OK  [0m] Stopped Monitoring of LVM2 mirrors,…sing dmeventd or progress polling.
         Stopping LVM2 metadata daemon...
[[0;32m  OK  [0m] Stopped LVM2 metadata daemon.
[ 8829.379226] reboot: Power down
